2025-07-17 13:41:36,804 - INFO - Impresoras disponibles: ['OneNote (Desktop)', 'ZDesigner ZT230-300dpi ZPL', 'Microsoft Print to PDF', 'Brother DCP-L5650DN series']
2025-07-17 13:41:36,808 - INFO - Impresora encontrada: ZDesigner ZT230-300dpi ZPL (zebra_usb)
2025-07-17 13:41:37,233 - INFO - [31m[1mWARNING: This is a development server. Do not use it in a production deployment. Use a production WSGI server instead.[0m
 * Running on all addresses (0.0.0.0)
 * Running on http://127.0.0.1:5003
 * Running on http://192.168.0.211:5003
2025-07-17 13:41:37,236 - INFO - [33mPress CTRL+C to quit[0m
2025-07-17 13:42:07,325 - INFO - Impresoras disponibles: ['OneNote (Desktop)', 'ZDesigner ZT230-300dpi ZPL', 'Microsoft Print to PDF', 'Brother DCP-L5650DN series']
2025-07-17 13:42:07,329 - INFO - Impresora encontrada: ZDesigner ZT230-300dpi ZPL (zebra_usb)
2025-07-17 13:42:07,340 - INFO - 127.0.0.1 - - [17/Jul/2025 13:42:07] "GET / HTTP/1.1" 200 -
2025-07-17 13:42:07,354 - INFO - 127.0.0.1 - - [17/Jul/2025 13:42:07] "OPTIONS /print HTTP/1.1" 200 -
2025-07-17 13:42:07,361 - INFO - Solicitud de impresión recibida para código: 0RH5602C622,202507170034
2025-07-17 13:42:07,364 - INFO - ZPL command: CT~~CD,~CC^~CT~
^XA
~TA000
~JSN
^LT37
^MNW
^MTT
^PON
^PMN
^LH0,0
^JMA
^PR4,4
~SD15
^JUS
^LRN
^CI27
^...
2025-07-17 13:42:07,370 - INFO - Impresoras disponibles: ['OneNote (Desktop)', 'ZDesigner ZT230-300dpi ZPL', 'Microsoft Print to PDF', 'Brother DCP-L5650DN series']
2025-07-17 13:42:07,373 - INFO - Impresora encontrada: ZDesigner ZT230-300dpi ZPL (zebra_usb)
2025-07-17 13:42:07,377 - INFO - Iniciando impresión en: ZDesigner ZT230-300dpi ZPL
2025-07-17 13:42:07,380 - INFO - Datos a imprimir: 599 bytes
2025-07-17 13:42:07,427 - INFO - Job ID creado: 43
2025-07-17 13:42:07,432 - INFO - Impresión completada exitosamente. Bytes escritos: 599
2025-07-17 13:42:07,435 - INFO - Impresoras disponibles: ['OneNote (Desktop)', 'ZDesigner ZT230-300dpi ZPL', 'Microsoft Print to PDF', 'Brother DCP-L5650DN series']
2025-07-17 13:42:07,438 - INFO - Impresora encontrada: ZDesigner ZT230-300dpi ZPL (zebra_usb)
2025-07-17 13:42:07,704 - INFO - Impresión exitosa LOCAL: {'status': 'printed', 'codigo': '0RH5602C622,202507170034', 'bytes': 599, 'printer': 'ZDesigner ZT230-300dpi ZPL', 'machine': 'MSI', 'local_ip': '192.168.0.211', 'timestamp': '2025-07-17T13:42:07.704826'}
2025-07-17 13:42:07,716 - INFO - 127.0.0.1 - - [17/Jul/2025 13:42:07] "POST /print HTTP/1.1" 200 -
2025-07-17 13:52:18,145 - INFO - Impresoras disponibles: ['OneNote (Desktop)', 'ZDesigner ZT230-300dpi ZPL', 'Microsoft Print to PDF', 'Brother DCP-L5650DN series']
2025-07-17 13:52:18,148 - INFO - Impresora encontrada: ZDesigner ZT230-300dpi ZPL (zebra_usb)
2025-07-17 13:52:18,158 - INFO - 127.0.0.1 - - [17/Jul/2025 13:52:18] "GET / HTTP/1.1" 200 -
2025-07-17 13:52:18,173 - INFO - 127.0.0.1 - - [17/Jul/2025 13:52:18] "OPTIONS /print HTTP/1.1" 200 -
2025-07-17 13:52:18,184 - INFO - Solicitud de impresión recibida para código: 0RH5602C622,202507170035
2025-07-17 13:52:18,191 - INFO - ZPL command: CT~~CD,~CC^~CT~
^XA
~TA000
~JSN
^LT37
^MNW
^MTT
^PON
^PMN
^LH0,0
^JMA
^PR4,4
~SD15
^JUS
^LRN
^CI27
^...
2025-07-17 13:52:18,195 - INFO - Impresoras disponibles: ['OneNote (Desktop)', 'ZDesigner ZT230-300dpi ZPL', 'Microsoft Print to PDF', 'Brother DCP-L5650DN series']
2025-07-17 13:52:18,199 - INFO - Impresora encontrada: ZDesigner ZT230-300dpi ZPL (zebra_usb)
2025-07-17 13:52:18,202 - INFO - Iniciando impresión en: ZDesigner ZT230-300dpi ZPL
2025-07-17 13:52:18,208 - INFO - Datos a imprimir: 599 bytes
2025-07-17 13:52:18,254 - INFO - Job ID creado: 44
2025-07-17 13:52:18,271 - INFO - Impresión completada exitosamente. Bytes escritos: 599
2025-07-17 13:52:18,324 - INFO - Impresoras disponibles: ['OneNote (Desktop)', 'ZDesigner ZT230-300dpi ZPL', 'Microsoft Print to PDF', 'Brother DCP-L5650DN series']
2025-07-17 13:52:18,336 - INFO - Impresora encontrada: ZDesigner ZT230-300dpi ZPL (zebra_usb)
2025-07-17 13:52:18,650 - INFO - Impresión exitosa LOCAL: {'status': 'printed', 'codigo': '0RH5602C622,202507170035', 'bytes': 599, 'printer': 'ZDesigner ZT230-300dpi ZPL', 'machine': 'MSI', 'local_ip': '192.168.0.211', 'timestamp': '2025-07-17T13:52:18.650385'}
2025-07-17 13:52:18,667 - INFO - 127.0.0.1 - - [17/Jul/2025 13:52:18] "POST /print HTTP/1.1" 200 -
2025-07-17 13:53:42,295 - INFO - Impresoras disponibles: ['OneNote (Desktop)', 'ZDesigner ZT230-300dpi ZPL', 'Microsoft Print to PDF', 'Brother DCP-L5650DN series']
2025-07-17 13:53:42,308 - INFO - Impresora encontrada: ZDesigner ZT230-300dpi ZPL (zebra_usb)
2025-07-17 13:53:42,313 - INFO - 127.0.0.1 - - [17/Jul/2025 13:53:42] "GET / HTTP/1.1" 200 -
2025-07-17 13:53:42,325 - INFO - 127.0.0.1 - - [17/Jul/2025 13:53:42] "OPTIONS /print HTTP/1.1" 200 -
2025-07-17 13:53:42,336 - INFO - Solicitud de impresión recibida para código: 0RH5602C622,202507170036
2025-07-17 13:53:42,353 - INFO - ZPL command: CT~~CD,~CC^~CT~
^XA
~TA000
~JSN
^LT37
^MNW
^MTT
^PON
^PMN
^LH0,0
^JMA
^PR4,4
~SD15
^JUS
^LRN
^CI27
^...
2025-07-17 13:53:42,363 - INFO - Impresoras disponibles: ['OneNote (Desktop)', 'ZDesigner ZT230-300dpi ZPL', 'Microsoft Print to PDF', 'Brother DCP-L5650DN series']
2025-07-17 13:53:42,371 - INFO - Impresora encontrada: ZDesigner ZT230-300dpi ZPL (zebra_usb)
2025-07-17 13:53:42,379 - INFO - Iniciando impresión en: ZDesigner ZT230-300dpi ZPL
2025-07-17 13:53:42,387 - INFO - Datos a imprimir: 568 bytes
2025-07-17 13:53:42,429 - INFO - Job ID creado: 45
2025-07-17 13:53:42,461 - INFO - Impresión completada exitosamente. Bytes escritos: 568
2025-07-17 13:53:42,477 - INFO - Impresoras disponibles: ['OneNote (Desktop)', 'ZDesigner ZT230-300dpi ZPL', 'Microsoft Print to PDF', 'Brother DCP-L5650DN series']
2025-07-17 13:53:42,533 - INFO - Impresora encontrada: ZDesigner ZT230-300dpi ZPL (zebra_usb)
2025-07-17 13:53:42,550 - INFO - Impresión exitosa LOCAL: {'status': 'printed', 'codigo': '0RH5602C622,202507170036', 'bytes': 568, 'printer': 'ZDesigner ZT230-300dpi ZPL', 'machine': 'MSI', 'local_ip': '192.168.0.211', 'timestamp': '2025-07-17T13:53:42.550027'}
2025-07-17 13:53:42,558 - INFO - 127.0.0.1 - - [17/Jul/2025 13:53:42] "POST /print HTTP/1.1" 200 -
2025-07-17 13:55:16,026 - INFO - Impresoras disponibles: ['OneNote (Desktop)', 'ZDesigner ZT230-300dpi ZPL', 'Microsoft Print to PDF', 'Brother DCP-L5650DN series']
2025-07-17 13:55:16,266 - INFO - Impresora encontrada: ZDesigner ZT230-300dpi ZPL (zebra_usb)
2025-07-17 13:55:16,283 - INFO - 127.0.0.1 - - [17/Jul/2025 13:55:16] "GET / HTTP/1.1" 200 -
2025-07-17 13:55:16,293 - INFO - 127.0.0.1 - - [17/Jul/2025 13:55:16] "OPTIONS /print HTTP/1.1" 200 -
2025-07-17 13:55:16,310 - INFO - Solicitud de impresión recibida para código: 0RH5602C622,202507170037
2025-07-17 13:55:16,315 - INFO - ZPL command: CT~~CD,~CC^~CT~
^XA
~TA000
~JSN
^LT37
^MNW
^MTT
^PON
^PMN
^LH0,0
^JMA
^PR4,4
~SD15
^JUS
^LRN
^CI27
^...
2025-07-17 13:55:16,723 - INFO - Impresoras disponibles: ['OneNote (Desktop)', 'ZDesigner ZT230-300dpi ZPL', 'Microsoft Print to PDF', 'Brother DCP-L5650DN series']
2025-07-17 13:55:16,735 - INFO - Impresora encontrada: ZDesigner ZT230-300dpi ZPL (zebra_usb)
2025-07-17 13:55:16,746 - INFO - Iniciando impresión en: ZDesigner ZT230-300dpi ZPL
2025-07-17 13:55:16,755 - INFO - Datos a imprimir: 568 bytes
2025-07-17 13:55:16,796 - INFO - Job ID creado: 46
2025-07-17 13:55:16,802 - INFO - Impresión completada exitosamente. Bytes escritos: 568
2025-07-17 13:55:16,809 - INFO - Impresoras disponibles: ['OneNote (Desktop)', 'ZDesigner ZT230-300dpi ZPL', 'Microsoft Print to PDF', 'Brother DCP-L5650DN series']
2025-07-17 13:55:16,815 - INFO - Impresora encontrada: ZDesigner ZT230-300dpi ZPL (zebra_usb)
2025-07-17 13:55:16,821 - INFO - Impresión exitosa LOCAL: {'status': 'printed', 'codigo': '0RH5602C622,202507170037', 'bytes': 568, 'printer': 'ZDesigner ZT230-300dpi ZPL', 'machine': 'MSI', 'local_ip': '192.168.0.211', 'timestamp': '2025-07-17T13:55:16.821953'}
2025-07-17 13:55:16,828 - INFO - 127.0.0.1 - - [17/Jul/2025 13:55:16] "POST /print HTTP/1.1" 200 -
2025-07-17 14:04:46,215 - INFO - Impresoras disponibles: ['OneNote (Desktop)', 'ZDesigner ZT230-300dpi ZPL', 'Microsoft Print to PDF', 'Brother DCP-L5650DN series']
2025-07-17 14:04:46,220 - INFO - Impresora encontrada: ZDesigner ZT230-300dpi ZPL (zebra_usb)
2025-07-17 14:04:46,226 - INFO - 127.0.0.1 - - [17/Jul/2025 14:04:46] "GET / HTTP/1.1" 200 -
2025-07-17 14:04:46,244 - INFO - 127.0.0.1 - - [17/Jul/2025 14:04:46] "OPTIONS /print HTTP/1.1" 200 -
2025-07-17 14:04:46,250 - INFO - Solicitud de impresión recibida para código: 0RH5602C622,202507170038
2025-07-17 14:04:46,255 - INFO - ZPL command: CT~~CD,~CC^~CT~
^XA
~TA000
~JSN
^LT37
^MNW
^MTT
^PON
^PMN
^LH0,0
^JMA
^PR4,4
~SD15
^JUS
^LRN
^CI27
^...
2025-07-17 14:04:46,260 - INFO - Impresoras disponibles: ['OneNote (Desktop)', 'ZDesigner ZT230-300dpi ZPL', 'Microsoft Print to PDF', 'Brother DCP-L5650DN series']
2025-07-17 14:04:46,264 - INFO - Impresora encontrada: ZDesigner ZT230-300dpi ZPL (zebra_usb)
2025-07-17 14:04:46,271 - INFO - Iniciando impresión en: ZDesigner ZT230-300dpi ZPL
2025-07-17 14:04:46,278 - INFO - Datos a imprimir: 568 bytes
2025-07-17 14:04:46,319 - INFO - Job ID creado: 47
2025-07-17 14:04:46,326 - INFO - Impresión completada exitosamente. Bytes escritos: 568
2025-07-17 14:04:46,333 - INFO - Impresoras disponibles: ['OneNote (Desktop)', 'ZDesigner ZT230-300dpi ZPL', 'Microsoft Print to PDF', 'Brother DCP-L5650DN series']
2025-07-17 14:04:46,339 - INFO - Impresora encontrada: ZDesigner ZT230-300dpi ZPL (zebra_usb)
2025-07-17 14:04:46,345 - INFO - Impresión exitosa LOCAL: {'status': 'printed', 'codigo': '0RH5602C622,202507170038', 'bytes': 568, 'printer': 'ZDesigner ZT230-300dpi ZPL', 'machine': 'MSI', 'local_ip': '192.168.0.211', 'timestamp': '2025-07-17T14:04:46.345914'}
2025-07-17 14:04:46,351 - INFO - 127.0.0.1 - - [17/Jul/2025 14:04:46] "POST /print HTTP/1.1" 200 -
2025-07-17 14:08:44,640 - INFO - Impresoras disponibles: ['OneNote (Desktop)', 'ZDesigner ZT230-300dpi ZPL', 'Microsoft Print to PDF', 'Brother DCP-L5650DN series']
2025-07-17 14:08:44,646 - INFO - Impresora encontrada: ZDesigner ZT230-300dpi ZPL (zebra_usb)
2025-07-17 14:08:44,659 - INFO - 127.0.0.1 - - [17/Jul/2025 14:08:44] "GET / HTTP/1.1" 200 -
2025-07-17 14:08:44,671 - INFO - 127.0.0.1 - - [17/Jul/2025 14:08:44] "OPTIONS /print HTTP/1.1" 200 -
2025-07-17 14:08:44,676 - INFO - Solicitud de impresión recibida para código: 0RH5602C622,202507170039
2025-07-17 14:08:44,680 - INFO - ZPL command: CT~~CD,~CC^~CT~
^XA
~TA000
~JSN
^LT37
^MNW
^MTT
^PON
^PMN
^LH0,0
^JMA
^PR4,4
~SD15
^JUS
^LRN
^CI27
^...
2025-07-17 14:08:44,687 - INFO - Impresoras disponibles: ['OneNote (Desktop)', 'ZDesigner ZT230-300dpi ZPL', 'Microsoft Print to PDF', 'Brother DCP-L5650DN series']
2025-07-17 14:08:44,691 - INFO - Impresora encontrada: ZDesigner ZT230-300dpi ZPL (zebra_usb)
2025-07-17 14:08:44,697 - INFO - Iniciando impresión en: ZDesigner ZT230-300dpi ZPL
2025-07-17 14:08:44,704 - INFO - Datos a imprimir: 568 bytes
2025-07-17 14:08:44,755 - INFO - Job ID creado: 48
2025-07-17 14:08:44,761 - INFO - Impresión completada exitosamente. Bytes escritos: 568
2025-07-17 14:08:44,783 - INFO - Impresoras disponibles: ['OneNote (Desktop)', 'ZDesigner ZT230-300dpi ZPL', 'Microsoft Print to PDF', 'Brother DCP-L5650DN series']
2025-07-17 14:08:44,839 - INFO - Impresora encontrada: ZDesigner ZT230-300dpi ZPL (zebra_usb)
2025-07-17 14:08:44,847 - INFO - Impresión exitosa LOCAL: {'status': 'printed', 'codigo': '0RH5602C622,202507170039', 'bytes': 568, 'printer': 'ZDesigner ZT230-300dpi ZPL', 'machine': 'MSI', 'local_ip': '192.168.0.211', 'timestamp': '2025-07-17T14:08:44.847260'}
2025-07-17 14:08:44,855 - INFO - 127.0.0.1 - - [17/Jul/2025 14:08:44] "POST /print HTTP/1.1" 200 -
2025-07-17 14:13:28,716 - INFO - Impresoras disponibles: ['OneNote (Desktop)', 'ZDesigner ZT230-300dpi ZPL', 'Microsoft Print to PDF', 'Brother DCP-L5650DN series']
2025-07-17 14:13:28,721 - INFO - Impresora encontrada: ZDesigner ZT230-300dpi ZPL (zebra_usb)
2025-07-17 14:13:28,732 - INFO - 127.0.0.1 - - [17/Jul/2025 14:13:28] "GET / HTTP/1.1" 200 -
2025-07-17 14:13:28,741 - INFO - 127.0.0.1 - - [17/Jul/2025 14:13:28] "OPTIONS /print HTTP/1.1" 200 -
2025-07-17 14:13:28,752 - INFO - Solicitud de impresión recibida para código: 0RH5602C622,202507170040
2025-07-17 14:13:28,768 - INFO - ZPL command: CT~~CD,~CC^~CT~
^XA
~TA000
~JSN
^LT37
^MNW
^MTT
^PON
^PMN
^LH0,0
^JMA
^PR4,4
~SD15
^JUS
^LRN
^CI27
^...
2025-07-17 14:13:28,778 - INFO - Impresoras disponibles: ['OneNote (Desktop)', 'ZDesigner ZT230-300dpi ZPL', 'Microsoft Print to PDF', 'Brother DCP-L5650DN series']
2025-07-17 14:13:28,782 - INFO - Impresora encontrada: ZDesigner ZT230-300dpi ZPL (zebra_usb)
2025-07-17 14:13:28,787 - INFO - Iniciando impresión en: ZDesigner ZT230-300dpi ZPL
2025-07-17 14:13:28,793 - INFO - Datos a imprimir: 608 bytes
2025-07-17 14:13:28,834 - INFO - Job ID creado: 49
2025-07-17 14:13:28,842 - INFO - Impresión completada exitosamente. Bytes escritos: 608
2025-07-17 14:13:28,848 - INFO - Impresoras disponibles: ['OneNote (Desktop)', 'ZDesigner ZT230-300dpi ZPL', 'Microsoft Print to PDF', 'Brother DCP-L5650DN series']
2025-07-17 14:13:28,852 - INFO - Impresora encontrada: ZDesigner ZT230-300dpi ZPL (zebra_usb)
2025-07-17 14:13:28,858 - INFO - Impresión exitosa LOCAL: {'status': 'printed', 'codigo': '0RH5602C622,202507170040', 'bytes': 608, 'printer': 'ZDesigner ZT230-300dpi ZPL', 'machine': 'MSI', 'local_ip': '192.168.0.211', 'timestamp': '2025-07-17T14:13:28.858755'}
2025-07-17 14:13:28,862 - INFO - 127.0.0.1 - - [17/Jul/2025 14:13:28] "POST /print HTTP/1.1" 200 -
2025-07-17 14:14:47,501 - INFO - Impresoras disponibles: ['OneNote (Desktop)', 'ZDesigner ZT230-300dpi ZPL', 'Microsoft Print to PDF', 'Brother DCP-L5650DN series']
2025-07-17 14:14:47,522 - INFO - Impresora encontrada: ZDesigner ZT230-300dpi ZPL (zebra_usb)
2025-07-17 14:14:47,546 - INFO - 127.0.0.1 - - [17/Jul/2025 14:14:47] "GET / HTTP/1.1" 200 -
2025-07-17 14:14:47,562 - INFO - 127.0.0.1 - - [17/Jul/2025 14:14:47] "OPTIONS /print HTTP/1.1" 200 -
2025-07-17 14:14:47,570 - INFO - Solicitud de impresión recibida para código: 0RH5602C622,202507170041
2025-07-17 14:14:47,576 - INFO - ZPL command: CT~~CD,~CC^~CT~
^XA
~TA000
~JSN
^LT37
^MNW
^MTT
^PON
^PMN
^LH0,0
^JMA
^PR4,4
~SD15
^JUS
^LRN
^CI27
^...
2025-07-17 14:14:47,585 - INFO - Impresoras disponibles: ['OneNote (Desktop)', 'ZDesigner ZT230-300dpi ZPL', 'Microsoft Print to PDF', 'Brother DCP-L5650DN series']
2025-07-17 14:14:47,591 - INFO - Impresora encontrada: ZDesigner ZT230-300dpi ZPL (zebra_usb)
2025-07-17 14:14:47,600 - INFO - Iniciando impresión en: ZDesigner ZT230-300dpi ZPL
2025-07-17 14:14:47,604 - INFO - Datos a imprimir: 608 bytes
2025-07-17 14:14:47,645 - INFO - Job ID creado: 50
2025-07-17 14:14:47,654 - INFO - Impresión completada exitosamente. Bytes escritos: 608
2025-07-17 14:14:47,670 - INFO - Impresoras disponibles: ['OneNote (Desktop)', 'ZDesigner ZT230-300dpi ZPL', 'Microsoft Print to PDF', 'Brother DCP-L5650DN series']
2025-07-17 14:14:47,684 - INFO - Impresora encontrada: ZDesigner ZT230-300dpi ZPL (zebra_usb)
2025-07-17 14:14:47,688 - INFO - Impresión exitosa LOCAL: {'status': 'printed', 'codigo': '0RH5602C622,202507170041', 'bytes': 608, 'printer': 'ZDesigner ZT230-300dpi ZPL', 'machine': 'MSI', 'local_ip': '192.168.0.211', 'timestamp': '2025-07-17T14:14:47.688918'}
2025-07-17 14:14:47,714 - INFO - 127.0.0.1 - - [17/Jul/2025 14:14:47] "POST /print HTTP/1.1" 200 -
2025-07-17 14:16:40,047 - INFO - Impresoras disponibles: ['OneNote (Desktop)', 'ZDesigner ZT230-300dpi ZPL', 'Microsoft Print to PDF', 'Brother DCP-L5650DN series']
2025-07-17 14:16:40,053 - INFO - Impresora encontrada: ZDesigner ZT230-300dpi ZPL (zebra_usb)
2025-07-17 14:16:40,060 - INFO - 127.0.0.1 - - [17/Jul/2025 14:16:40] "GET / HTTP/1.1" 200 -
2025-07-17 14:16:40,067 - INFO - 127.0.0.1 - - [17/Jul/2025 14:16:40] "OPTIONS /print HTTP/1.1" 200 -
2025-07-17 14:16:40,072 - INFO - Solicitud de impresión recibida para código: 0RH5602C622,202507170042
2025-07-17 14:16:40,077 - INFO - ZPL command: CT~~CD,~CC^~CT~
^XA
~TA000
~JSN
^LT37
^MNW
^MTT
^PON
^PMN
^LH0,0
^JMA
^PR4,4
~SD15
^JUS
^LRN
^CI27
^...
2025-07-17 14:16:40,083 - INFO - Impresoras disponibles: ['OneNote (Desktop)', 'ZDesigner ZT230-300dpi ZPL', 'Microsoft Print to PDF', 'Brother DCP-L5650DN series']
2025-07-17 14:16:40,088 - INFO - Impresora encontrada: ZDesigner ZT230-300dpi ZPL (zebra_usb)
2025-07-17 14:16:40,094 - INFO - Iniciando impresión en: ZDesigner ZT230-300dpi ZPL
2025-07-17 14:16:40,098 - INFO - Datos a imprimir: 607 bytes
2025-07-17 14:16:40,139 - INFO - Job ID creado: 51
2025-07-17 14:16:40,147 - INFO - Impresión completada exitosamente. Bytes escritos: 607
2025-07-17 14:16:40,152 - INFO - Impresoras disponibles: ['OneNote (Desktop)', 'ZDesigner ZT230-300dpi ZPL', 'Microsoft Print to PDF', 'Brother DCP-L5650DN series']
2025-07-17 14:16:40,157 - INFO - Impresora encontrada: ZDesigner ZT230-300dpi ZPL (zebra_usb)
2025-07-17 14:16:40,161 - INFO - Impresión exitosa LOCAL: {'status': 'printed', 'codigo': '0RH5602C622,202507170042', 'bytes': 607, 'printer': 'ZDesigner ZT230-300dpi ZPL', 'machine': 'MSI', 'local_ip': '192.168.0.211', 'timestamp': '2025-07-17T14:16:40.161592'}
2025-07-17 14:16:40,166 - INFO - 127.0.0.1 - - [17/Jul/2025 14:16:40] "POST /print HTTP/1.1" 200 -
2025-07-17 14:51:09,329 - INFO - Impresoras disponibles: ['OneNote (Desktop)', 'ZDesigner ZT230-300dpi ZPL', 'Microsoft Print to PDF', 'Brother DCP-L5650DN series']
2025-07-17 14:51:09,333 - INFO - Impresora encontrada: ZDesigner ZT230-300dpi ZPL (zebra_usb)
2025-07-17 14:51:09,359 - INFO - [31m[1mWARNING: This is a development server. Do not use it in a production deployment. Use a production WSGI server instead.[0m
 * Running on all addresses (0.0.0.0)
 * Running on http://127.0.0.1:5003
 * Running on http://192.168.0.211:5003
2025-07-17 14:51:09,362 - INFO - [33mPress CTRL+C to quit[0m
2025-07-17 14:51:29,197 - INFO - Impresoras disponibles: ['OneNote (Desktop)', 'ZDesigner ZT230-300dpi ZPL', 'Microsoft Print to PDF', 'Brother DCP-L5650DN series']
2025-07-17 14:51:29,201 - INFO - Impresora encontrada: ZDesigner ZT230-300dpi ZPL (zebra_usb)
2025-07-17 14:51:29,205 - INFO - 127.0.0.1 - - [17/Jul/2025 14:51:29] "GET / HTTP/1.1" 200 -
2025-07-17 14:51:29,210 - INFO - 127.0.0.1 - - [17/Jul/2025 14:51:29] "OPTIONS /print HTTP/1.1" 200 -
2025-07-17 14:51:29,214 - INFO - Solicitud de impresión recibida para código: 0RH5602C622,202507170047
2025-07-17 14:51:29,216 - INFO - ZPL command: CT~~CD,~CC^~CT~
^XA
~TA000
~JSN
^LT37
^MNW
^MTT
^PON
^PMN
^LH0,0
^JMA
^PR4,4
~SD15
^JUS
^LRN
^CI27
^...
2025-07-17 14:51:29,219 - INFO - Impresoras disponibles: ['OneNote (Desktop)', 'ZDesigner ZT230-300dpi ZPL', 'Microsoft Print to PDF', 'Brother DCP-L5650DN series']
2025-07-17 14:51:29,222 - INFO - Impresora encontrada: ZDesigner ZT230-300dpi ZPL (zebra_usb)
2025-07-17 14:51:29,224 - INFO - Iniciando impresión en: ZDesigner ZT230-300dpi ZPL
2025-07-17 14:51:29,226 - INFO - Datos a imprimir: 608 bytes
2025-07-17 14:51:29,277 - INFO - Job ID creado: 56
2025-07-17 14:51:29,282 - INFO - Impresión completada exitosamente. Bytes escritos: 608
2025-07-17 14:51:29,287 - INFO - Impresoras disponibles: ['OneNote (Desktop)', 'ZDesigner ZT230-300dpi ZPL', 'Microsoft Print to PDF', 'Brother DCP-L5650DN series']
2025-07-17 14:51:29,289 - INFO - Impresora encontrada: ZDesigner ZT230-300dpi ZPL (zebra_usb)
2025-07-17 14:51:29,291 - INFO - Impresión exitosa LOCAL: {'status': 'printed', 'codigo': '0RH5602C622,202507170047', 'bytes': 608, 'printer': 'ZDesigner ZT230-300dpi ZPL', 'machine': 'MSI', 'local_ip': '192.168.0.211', 'timestamp': '2025-07-17T14:51:29.291672'}
2025-07-17 14:51:29,295 - INFO - 127.0.0.1 - - [17/Jul/2025 14:51:29] "POST /print HTTP/1.1" 200 -
2025-07-17 14:59:04,402 - INFO - Impresoras disponibles: ['OneNote (Desktop)', 'ZDesigner ZT230-300dpi ZPL', 'Microsoft Print to PDF', 'Brother DCP-L5650DN series']
2025-07-17 14:59:04,406 - INFO - Impresora encontrada: ZDesigner ZT230-300dpi ZPL (zebra_usb)
2025-07-17 14:59:04,411 - INFO - 127.0.0.1 - - [17/Jul/2025 14:59:04] "GET / HTTP/1.1" 200 -
2025-07-17 14:59:04,432 - INFO - 127.0.0.1 - - [17/Jul/2025 14:59:04] "OPTIONS /print HTTP/1.1" 200 -
2025-07-17 14:59:04,477 - INFO - Solicitud de impresión recibida para código: 0RH5602C622,202507170048
2025-07-17 14:59:04,479 - INFO - ZPL command: CT~~CD,~CC^~CT~
^XA
~TA000
~JSN
^LT37
^MNW
^MTT
^PON
^PMN
^LH0,0
^JMA
^PR4,4
~SD15
^JUS
^LRN
^CI27
^...
2025-07-17 14:59:04,490 - INFO - Impresoras disponibles: ['OneNote (Desktop)', 'ZDesigner ZT230-300dpi ZPL', 'Microsoft Print to PDF', 'Brother DCP-L5650DN series']
2025-07-17 14:59:04,495 - INFO - Impresora encontrada: ZDesigner ZT230-300dpi ZPL (zebra_usb)
2025-07-17 14:59:04,498 - INFO - Iniciando impresión en: ZDesigner ZT230-300dpi ZPL
2025-07-17 14:59:04,500 - INFO - Datos a imprimir: 612 bytes
2025-07-17 14:59:04,537 - INFO - Job ID creado: 57
2025-07-17 14:59:04,554 - INFO - Impresión completada exitosamente. Bytes escritos: 612
2025-07-17 14:59:04,556 - INFO - Impresoras disponibles: ['OneNote (Desktop)', 'ZDesigner ZT230-300dpi ZPL', 'Microsoft Print to PDF', 'Brother DCP-L5650DN series']
2025-07-17 14:59:04,563 - INFO - Impresora encontrada: ZDesigner ZT230-300dpi ZPL (zebra_usb)
2025-07-17 14:59:04,567 - INFO - Impresión exitosa LOCAL: {'status': 'printed', 'codigo': '0RH5602C622,202507170048', 'bytes': 612, 'printer': 'ZDesigner ZT230-300dpi ZPL', 'machine': 'MSI', 'local_ip': '192.168.0.211', 'timestamp': '2025-07-17T14:59:04.566983'}
2025-07-17 14:59:04,578 - INFO - 127.0.0.1 - - [17/Jul/2025 14:59:04] "POST /print HTTP/1.1" 200 -
