2025-08-04 15:46:39,537 - __main__ - INFO - Tablas de base de datos verificadas/creadas exitosamente
2025-08-04 15:46:39,538 - __main__ - INFO - Iniciando SMT CSV Monitor...
2025-08-04 15:46:39,538 - __main__ - INFO - Procesando archivos existentes...
2025-08-04 15:46:39,538 - __main__ - WARNING - Carpeta no encontrada: C:\LOT CHECK  ALL\1line\L1 m1
2025-08-04 15:46:39,540 - __main__ - WARNING - Carpeta no encontrada: C:\LOT CHECK  ALL\1line\L1 m2
2025-08-04 15:46:39,540 - __main__ - WARNING - Carpeta no encontrada: C:\LOT CHECK  ALL\1line\L1 m3
2025-08-04 15:46:39,540 - __main__ - WARNING - Carpeta no encontrada: C:\LOT CHECK  ALL\2line\L2 m1
2025-08-04 15:46:39,546 - __main__ - WARNING - Carpeta no encontrada: C:\LOT CHECK  ALL\2line\L2 m2
2025-08-04 15:46:39,546 - __main__ - WARNING - Carpeta no encontrada: C:\LOT CHECK  ALL\2line\L2 m3
2025-08-04 15:46:39,546 - __main__ - WARNING - Carpeta no encontrada: C:\LOT CHECK  ALL\3line\L3 m1
2025-08-04 15:46:39,546 - __main__ - WARNING - Carpeta no encontrada: C:\LOT CHECK  ALL\3line\L3 m2
2025-08-04 15:46:39,547 - __main__ - WARNING - Carpeta no encontrada: C:\LOT CHECK  ALL\3line\L3 m3
2025-08-04 15:46:39,547 - __main__ - WARNING - Carpeta no encontrada: C:\LOT CHECK  ALL\4line\L4 m1
2025-08-04 15:46:39,547 - __main__ - WARNING - Carpeta no encontrada: C:\LOT CHECK  ALL\4line\L4 m2
2025-08-04 15:46:39,548 - __main__ - WARNING - Carpeta no encontrada: C:\LOT CHECK  ALL\4line\L4 m3
2025-08-04 15:46:39,548 - __main__ - INFO - Iniciando monitoreo continuo...
2025-08-04 15:46:39,548 - __main__ - WARNING - Carpeta no encontrada: C:\LOT CHECK  ALL\1line\L1 m1
2025-08-04 15:46:39,548 - __main__ - WARNING - Carpeta no encontrada: C:\LOT CHECK  ALL\1line\L1 m2
2025-08-04 15:46:39,548 - __main__ - WARNING - Carpeta no encontrada: C:\LOT CHECK  ALL\1line\L1 m3
2025-08-04 15:46:39,548 - __main__ - WARNING - Carpeta no encontrada: C:\LOT CHECK  ALL\2line\L2 m1
2025-08-04 15:46:39,548 - __main__ - WARNING - Carpeta no encontrada: C:\LOT CHECK  ALL\2line\L2 m2
2025-08-04 15:46:39,549 - __main__ - WARNING - Carpeta no encontrada: C:\LOT CHECK  ALL\2line\L2 m3
2025-08-04 15:46:39,549 - __main__ - WARNING - Carpeta no encontrada: C:\LOT CHECK  ALL\3line\L3 m1
2025-08-04 15:46:39,549 - __main__ - WARNING - Carpeta no encontrada: C:\LOT CHECK  ALL\3line\L3 m2
2025-08-04 15:46:39,549 - __main__ - WARNING - Carpeta no encontrada: C:\LOT CHECK  ALL\3line\L3 m3
2025-08-04 15:46:39,549 - __main__ - WARNING - Carpeta no encontrada: C:\LOT CHECK  ALL\4line\L4 m1
2025-08-04 15:46:39,549 - __main__ - WARNING - Carpeta no encontrada: C:\LOT CHECK  ALL\4line\L4 m2
2025-08-04 15:46:39,551 - __main__ - WARNING - Carpeta no encontrada: C:\LOT CHECK  ALL\4line\L4 m3
2025-08-05 07:58:45,278 - mysql.connector - INFO - package: mysql.connector.plugins
2025-08-05 07:58:45,279 - mysql.connector - INFO - plugin_name: caching_sha2_password
2025-08-05 07:58:45,287 - mysql.connector - INFO - AUTHENTICATION_PLUGIN_CLASS: MySQLCachingSHA2PasswordAuthPlugin
2025-08-05 07:58:46,423 - __main__ - INFO - ✓ Tabla historial_cambio_material_smt encontrada
2025-08-05 07:58:46,731 - __main__ - INFO - Tablas de base de datos verificadas exitosamente
2025-08-05 07:58:46,780 - __main__ - INFO - Iniciando SMT CSV Monitor...
2025-08-05 07:58:46,780 - __main__ - INFO - Procesando archivos existentes...
2025-08-05 07:58:46,795 - __main__ - INFO - Monitoreando: \\192.168.1.230\qa\ILSAN_MES\Mounter_LogFile\1line\L1 m1
2025-08-05 07:58:46,821 - __main__ - INFO - Monitoreando: \\192.168.1.230\qa\ILSAN_MES\Mounter_LogFile\1line\L1 m2
2025-08-05 07:58:46,838 - __main__ - INFO - Monitoreando: \\192.168.1.230\qa\ILSAN_MES\Mounter_LogFile\1line\L1 m3
2025-08-05 07:58:46,859 - __main__ - INFO - Monitoreando: \\192.168.1.230\qa\ILSAN_MES\Mounter_LogFile\2line\L2 m1
2025-08-05 07:58:46,882 - __main__ - INFO - Monitoreando: \\192.168.1.230\qa\ILSAN_MES\Mounter_LogFile\2line\L2 m2
2025-08-05 07:58:46,905 - __main__ - INFO - Monitoreando: \\192.168.1.230\qa\ILSAN_MES\Mounter_LogFile\2line\L2 m3
2025-08-05 07:58:46,925 - __main__ - INFO - Monitoreando: \\192.168.1.230\qa\ILSAN_MES\Mounter_LogFile\3line\L3 m1
2025-08-05 07:58:46,946 - __main__ - INFO - Monitoreando: \\192.168.1.230\qa\ILSAN_MES\Mounter_LogFile\3line\L3 m2
2025-08-05 07:58:46,965 - __main__ - INFO - Monitoreando: \\192.168.1.230\qa\ILSAN_MES\Mounter_LogFile\3line\L3 m3
2025-08-05 07:58:46,987 - __main__ - INFO - Monitoreando: \\192.168.1.230\qa\ILSAN_MES\Mounter_LogFile\4line\L4 m1
2025-08-05 07:58:47,005 - __main__ - INFO - Monitoreando: \\192.168.1.230\qa\ILSAN_MES\Mounter_LogFile\4line\L4 m2
2025-08-05 07:58:47,024 - __main__ - INFO - Monitoreando: \\192.168.1.230\qa\ILSAN_MES\Mounter_LogFile\4line\L4 m3
2025-08-05 07:58:49,791 - __main__ - INFO - Archivo 20250724.csv ya procesado anteriormente (0 registros)
2025-08-05 07:58:52,455 - __main__ - INFO - Archivo 20250725.csv ya procesado anteriormente (0 registros)
2025-08-05 07:58:55,138 - __main__ - INFO - Archivo 20250726.csv ya procesado anteriormente (0 registros)
2025-08-05 07:58:57,916 - __main__ - INFO - Archivo 20250728.csv ya procesado anteriormente (0 registros)
2025-08-05 07:59:00,613 - __main__ - INFO - Archivo 20250729.csv ya procesado anteriormente (0 registros)
2025-08-05 07:59:03,317 - __main__ - INFO - Archivo 20250730.csv ya procesado anteriormente (0 registros)
2025-08-05 07:59:06,080 - __main__ - INFO - Archivo 20250731.csv ya procesado anteriormente (0 registros)
2025-08-05 07:59:08,991 - __main__ - INFO - Archivo 20250801.csv ya procesado anteriormente (0 registros)
2025-08-05 07:59:11,750 - __main__ - INFO - Archivo 20250802.csv ya procesado anteriormente (0 registros)
2025-08-05 07:59:14,510 - __main__ - INFO - Archivo 20250804.csv ya procesado anteriormente (0 registros)
2025-08-05 07:59:17,243 - __main__ - INFO - Archivo 20250722.csv ya procesado anteriormente (0 registros)
2025-08-05 07:59:20,011 - __main__ - INFO - Archivo 20250724.csv ya procesado anteriormente (0 registros)
2025-08-05 07:59:22,773 - __main__ - INFO - Archivo 20250725.csv ya procesado anteriormente (0 registros)
2025-08-05 07:59:25,487 - __main__ - INFO - Archivo 20250726.csv ya procesado anteriormente (0 registros)
2025-08-05 07:59:28,171 - __main__ - INFO - Archivo 20250728.csv ya procesado anteriormente (0 registros)
2025-08-05 07:59:30,873 - __main__ - INFO - Archivo 20250729.csv ya procesado anteriormente (0 registros)
2025-08-05 07:59:33,583 - __main__ - INFO - Archivo 20250730.csv ya procesado anteriormente (0 registros)
2025-08-05 07:59:36,306 - __main__ - INFO - Archivo 20250731.csv ya procesado anteriormente (0 registros)
2025-08-05 07:59:39,121 - __main__ - INFO - Archivo 20250801.csv ya procesado anteriormente (0 registros)
2025-08-05 07:59:41,962 - __main__ - INFO - Archivo 20250802.csv ya procesado anteriormente (0 registros)
2025-08-05 07:59:44,750 - __main__ - INFO - Archivo 20250804.csv ya procesado anteriormente (0 registros)
2025-08-05 07:59:47,562 - __main__ - INFO - Archivo 20250724.csv ya procesado anteriormente (0 registros)
2025-08-05 07:59:50,268 - __main__ - INFO - Archivo 20250725.csv ya procesado anteriormente (0 registros)
2025-08-05 07:59:52,899 - __main__ - INFO - Archivo 20250726.csv ya procesado anteriormente (0 registros)
2025-08-05 07:59:55,735 - __main__ - INFO - Archivo 20250728.csv ya procesado anteriormente (0 registros)
2025-08-05 07:59:58,455 - __main__ - INFO - Archivo 20250729.csv ya procesado anteriormente (0 registros)
2025-08-05 08:00:01,115 - __main__ - INFO - Archivo 20250730.csv ya procesado anteriormente (0 registros)
2025-08-05 08:00:03,727 - __main__ - INFO - Archivo 20250731.csv ya procesado anteriormente (0 registros)
2025-08-05 08:00:06,427 - __main__ - INFO - Archivo 20250801.csv ya procesado anteriormente (0 registros)
2025-08-05 08:00:09,116 - __main__ - INFO - Archivo 20250802.csv ya procesado anteriormente (0 registros)
2025-08-05 08:00:11,718 - __main__ - INFO - Archivo 20250804.csv ya procesado anteriormente (0 registros)
2025-08-05 08:00:14,549 - __main__ - INFO - Archivo 20250722.csv ya procesado anteriormente (0 registros)
2025-08-05 08:00:17,156 - __main__ - INFO - Archivo 20250724.csv ya procesado anteriormente (0 registros)
2025-08-05 08:00:19,887 - __main__ - INFO - Archivo 20250725.csv ya procesado anteriormente (0 registros)
2025-08-05 08:00:22,480 - __main__ - INFO - Archivo 20250726.csv ya procesado anteriormente (0 registros)
2025-08-05 08:00:25,076 - __main__ - INFO - Archivo 20250728.csv ya procesado anteriormente (0 registros)
2025-08-05 08:00:27,697 - __main__ - INFO - Archivo 20250729.csv ya procesado anteriormente (0 registros)
2025-08-05 08:00:30,355 - __main__ - INFO - Archivo 20250730.csv ya procesado anteriormente (0 registros)
2025-08-05 08:00:33,054 - __main__ - INFO - Archivo 20250731.csv ya procesado anteriormente (0 registros)
2025-08-05 08:00:35,654 - __main__ - INFO - Archivo 20250801.csv ya procesado anteriormente (0 registros)
2025-08-05 08:00:38,371 - __main__ - INFO - Archivo 20250802.csv ya procesado anteriormente (0 registros)
2025-08-05 08:00:41,061 - __main__ - INFO - Archivo 20250804.csv ya procesado anteriormente (0 registros)
2025-08-05 08:00:43,798 - __main__ - INFO - Archivo 20250721.csv ya procesado anteriormente (0 registros)
2025-08-05 08:00:46,427 - __main__ - INFO - Archivo 20250722.csv ya procesado anteriormente (0 registros)
2025-08-05 08:00:49,130 - __main__ - INFO - Archivo 20250724.csv ya procesado anteriormente (0 registros)
2025-08-05 08:00:51,974 - __main__ - INFO - Archivo 20250725.csv ya procesado anteriormente (0 registros)
2025-08-05 08:00:54,686 - __main__ - INFO - Archivo 20250728.csv ya procesado anteriormente (0 registros)
2025-08-05 08:00:57,325 - __main__ - INFO - Archivo 20250729.csv ya procesado anteriormente (0 registros)
2025-08-05 08:01:00,372 - __main__ - INFO - Archivo 20250730.csv ya procesado anteriormente (0 registros)
2025-08-05 08:01:03,150 - __main__ - INFO - Archivo 20250731.csv ya procesado anteriormente (0 registros)
2025-08-05 08:01:05,879 - __main__ - INFO - Archivo 20250801.csv ya procesado anteriormente (0 registros)
2025-08-05 08:01:08,617 - __main__ - INFO - Archivo 20250802.csv ya procesado anteriormente (0 registros)
2025-08-05 08:01:11,291 - __main__ - INFO - Archivo 20250804.csv ya procesado anteriormente (0 registros)
2025-08-05 08:01:13,906 - __main__ - INFO - Archivo 20250724.csv ya procesado anteriormente (0 registros)
2025-08-05 08:01:16,612 - __main__ - INFO - Archivo 20250725.csv ya procesado anteriormente (0 registros)
2025-08-05 08:01:19,346 - __main__ - INFO - Archivo 20250728.csv ya procesado anteriormente (0 registros)
2025-08-05 08:01:22,027 - __main__ - INFO - Archivo 20250729.csv ya procesado anteriormente (0 registros)
2025-08-05 08:01:24,748 - __main__ - INFO - Archivo 20250730.csv ya procesado anteriormente (0 registros)
2025-08-05 08:01:27,478 - __main__ - INFO - Archivo 20250731.csv ya procesado anteriormente (0 registros)
2025-08-05 08:01:30,052 - __main__ - INFO - Archivo 20250801.csv ya procesado anteriormente (0 registros)
2025-08-05 08:01:32,838 - __main__ - INFO - Archivo 20250802.csv ya procesado anteriormente (0 registros)
2025-08-05 08:01:35,584 - __main__ - INFO - Archivo 20250804.csv ya procesado anteriormente (0 registros)
